[beth-tn103.trumsivietnam.com/index.html]
[backblue.gif]
[fade.gif]
[index.html]
[w.ladicdn.com/v2/source/ladipage.min2519.js]
[w.ladicdn.com/s400x400/5e918a050f308805077055fd/tn103_1-20200519082618.png]
[w.ladicdn.com/s800x850/5e918a050f308805077055fd/tn103_1-20200519082618.png]
[w.ladicdn.com/s800x850/5e918a050f308805077055fd/tn100-xmc-20200519095542.png]
[w.ladicdn.com/s400x400/5e918a050f308805077055fd/tn100-xmc-20200519095542.png]
[w.ladicdn.com/s400x400/5e918a050f308805077055fd/tn103_8-20200519095553.png]
[w.ladicdn.com/s800x850/5e918a050f308805077055fd/tn103_5-20200519095605.png]
[w.ladicdn.com/s800x850/5e918a050f308805077055fd/tn103_8-20200519095553.png]
[w.ladicdn.com/s400x400/5e918a050f308805077055fd/tn103_5-20200519095605.png]
[w.ladicdn.com/s800x850/5e918a050f308805077055fd/tn103_7-20200519095618.png]
[w.ladicdn.com/s400x400/5e918a050f308805077055fd/tn103_7-20200519095618.png]
[w.ladicdn.com/s800x850/5e918a050f308805077055fd/tn103_6-20200519095629.png]
[w.ladicdn.com/s400x400/5e918a050f308805077055fd/tn103_6-20200519095629.png]
[w.ladicdn.com/s800x850/5e918a050f308805077055fd/tn103_3-20200519095638.png]
[w.ladicdn.com/s400x400/5e918a050f308805077055fd/tn103_3-20200519095638.png]
[w.ladicdn.com/s800x850/5e918a050f308805077055fd/tn103_4-20200519095721.png]
[w.ladicdn.com/s400x400/5e918a050f308805077055fd/tn103_4-20200519095721.png]
[w.ladicdn.com/s800x600/5e918a050f308805077055fd/gioi-thieu-dau-20200519103948.png]
[w.ladicdn.com/s400x400/5e918a050f308805077055fd/tn103-nu-20200702184455.png]
[w.ladicdn.com/s750x550/5e918a050f308805077055fd/camket-20200425094334.png]
[w.ladicdn.com/s1100x850/5e918a050f308805077055fd/untitled-1-20200521084635.png]
[w.ladicdn.com/s700x700/57b167c9ca57d39c18a1c57c/nen.png]
[w.ladicdn.com/s800x850/5e918a050f308805077055fd/tn103-nu-20200702184455.png]
[w.ladicdn.com/s1250x900/5e918a050f308805077055fd/chi-tiet-20200513161939.png]
[w.ladicdn.com/s1250x1300/5e918a050f308805077055fd/kiemnghiemsanpham-20200513162544.png]
[w.ladicdn.com/s2100x800/5e918a050f308805077055fd/capture-20200513115808.png]
[w.ladicdn.com/s1250x900/5e918a050f308805077055fd/dac-tinh-cua-vai-20200513161054.png]
[w.ladicdn.com/s1150x450/5e918a050f308805077055fd/untitled-6-20200514103019.png]
[w.ladicdn.com/s850x400/5e918a050f308805077055fd/untitled-6-20200514103019.png]
[w.ladicdn.com/s750x1100/5e918a050f308805077055fd/binh-luan-2-20200513190834.png]
[w.ladicdn.com/s1150x1000/5e918a050f308805077055fd/binh-luan-ao-20200513180222.png]
[w.ladicdn.com/s500x500/5e918a050f308805077055fd/tn103_4-20200519095721.png]
[w.ladicdn.com/s500x500/5e918a050f308805077055fd/tn100-xmc-20200519095542.png]
[w.ladicdn.com/s500x500/5e918a050f308805077055fd/tn103_7-20200519095618.png]
[w.ladicdn.com/s500x500/5e918a050f308805077055fd/tn103_3-20200519095638.png]
[w.ladicdn.com/s500x500/5e918a050f308805077055fd/tn103_8-20200519095553.png]
[w.ladicdn.com/s500x500/5e918a050f308805077055fd/tn103_5-20200519095605.png]
[w.ladicdn.com/s500x500/5e918a050f308805077055fd/tn103_6-20200519095629.png]
[w.ladicdn.com/s500x500/5e918a050f308805077055fd/tn103_1-20200519082618.png]
[w.ladicdn.com/s500x500/5e918a050f308805077055fd/tn103-nu-20200702184455.png]
[w.ladicdn.com/s750x750/5e918a050f308805077055fd/tn103_1-20200519082618.png]
[w.ladicdn.com/s750x750/5e918a050f308805077055fd/tn100-xmc-20200519095542.png]
[w.ladicdn.com/s750x750/5e918a050f308805077055fd/tn103_8-20200519095553.png]
[w.ladicdn.com/s750x750/5e918a050f308805077055fd/tn103_5-20200519095605.png]
[w.ladicdn.com/s750x750/5e918a050f308805077055fd/tn103_7-20200519095618.png]
[w.ladicdn.com/s750x750/5e918a050f308805077055fd/tn103_6-20200519095629.png]
[w.ladicdn.com/s750x750/5e918a050f308805077055fd/tn103_3-20200519095638.png]
[w.ladicdn.com/s750x750/5e918a050f308805077055fd/tn103_4-20200519095721.png]
[w.ladicdn.com/s750x550/5e918a050f308805077055fd/gioi-thieu-dau-20200519103948.png]
[w.ladicdn.com/s750x750/5e918a050f308805077055fd/tn103-nu-20200702184455.png]
[w.ladicdn.com/s750x600/5e918a050f308805077055fd/camket-20200425094334.png]
[w.ladicdn.com/s750x600/5e918a050f308805077055fd/untitled-1-20200521084635.png]
[w.ladicdn.com/s700x650/57b167c9ca57d39c18a1c57c/nen.png]
[w.ladicdn.com/s750x600/5e918a050f308805077055fd/chi-tiet-20200513161939.png]
[w.ladicdn.com/s750x750/5e918a050f308805077055fd/kiemnghiemsanpham-20200513162544.png]
[w.ladicdn.com/s1000x500/5e918a050f308805077055fd/capture-20200513115808.png]
[w.ladicdn.com/s750x600/5e918a050f308805077055fd/dac-tinh-cua-vai-20200513161054.png]
[w.ladicdn.com/s900x400/5e918a050f308805077055fd/untitled-6-20200514103019.png]
[w.ladicdn.com/s750x650/5e918a050f308805077055fd/binh-luan-ao-20200513180222.png]
[meteor.tiktok.com/i18n/pixel/sdk2ba7.js]
[meteor.tiktok.com/i18n/pixel/sdke0c1.js]
[meteor.tiktok.com/i18n/pixel/sdkf49c.js]
[meteor.tiktok.com/i18n/pixel/sdkd633.js]
[meteor.tiktok.com/i18n/pixel/sdk16ca.js]
[meteor.tiktok.com/i18n/pixel/sdkf991.js]
[beth-tn103.trumsivietnam.com/index.html]
[w.ladicdn.com/v2/source/ladipage.min2519.css]
[w.ladicdn.com/v2/source/ladipage.min2519.css]
